2021-11-18 05:53:41 Loading main app package /tmp/.mount_obsidiqEe7G2/resources/obsidian.asar
2021-11-18 05:53:42 Checking for update using Github
2021-11-18 05:53:42 Success.
2021-11-18 05:53:42 Latest version is 0.12.19
2021-11-18 05:53:42 App is up to date.
2021-11-18 06:53:42 Checking for update using Github
2021-11-18 06:53:42 Success.
2021-11-18 06:53:42 Latest version is 0.12.19
2021-11-18 06:53:42 App is up to date.
2021-11-18 07:53:42 Checking for update using Github
2021-11-18 07:53:42 Success.
2021-11-18 07:53:42 Latest version is 0.12.19
2021-11-18 07:53:42 App is up to date.
2021-11-18 08:53:42 Checking for update using Github
2021-11-18 08:53:42 Success.
2021-11-18 08:53:42 Latest version is 0.12.19
2021-11-18 08:53:42 App is up to date.
2021-11-18 09:53:42 Checking for update using Github
2021-11-18 09:53:42 Success.
2021-11-18 09:53:42 Latest version is 0.12.19
2021-11-18 09:53:42 App is up to date.
2021-11-18 10:53:42 Checking for update using Github
2021-11-18 10:53:42 Success.
2021-11-18 10:53:42 Latest version is 0.12.19
2021-11-18 10:53:42 App is up to date.
2021-11-18 11:53:42 Checking for update using Github
2021-11-18 11:53:42 Success.
2021-11-18 11:53:42 Latest version is 0.12.19
2021-11-18 11:53:42 App is up to date.
2021-11-18 12:53:42 Checking for update using Github
2021-11-18 12:53:42 Success.
2021-11-18 12:53:42 Latest version is 0.12.19
2021-11-18 12:53:42 App is up to date.
2021-11-21 02:16:06 Loading main app package /tmp/.mount_obsidiSSOPbH/resources/obsidian.asar
2021-11-21 02:16:07 Checking for update using Github
2021-11-21 02:16:08 Success.
2021-11-21 02:16:08 Latest version is 0.12.19
2021-11-21 02:16:08 App is up to date.
2021-11-21 02:21:08 Loading main app package /tmp/.mount_obsidin4psex/resources/obsidian.asar
2021-11-21 02:21:09 Checking for update using Github
2021-11-21 02:21:09 Success.
2021-11-21 02:21:09 Latest version is 0.12.19
2021-11-21 02:21:09 App is up to date.
